2023-11-24 22:24:41,829 INFO c.e.r.RabamApplication [restartedMain] Starting RabamApplication using Java 21.0.1 with PID 431240 (C:\Users\safak\Desktop\rabam\target\classes started by safak in C:\Users\safak\Desktop\rabam)
2023-11-24 22:24:41,837 INFO c.e.r.RabamApplication [restartedMain] No active profile set, falling back to 1 default profile: "default"
2023-11-24 22:24:41,880 INFO o.s.b.d.e.DevToolsPropertyDefaultsPostProcessor [restartedMain] Devtools property defaults active! Set 'spring.devtools.add-properties' to 'false' to disable
2023-11-24 22:24:41,880 INFO o.s.b.d.e.DevToolsPropertyDefaultsPostProcessor [restartedMain] For additional web related logging consider setting the 'logging.level.web' property to 'DEBUG'
2023-11-24 22:24:42,833 INFO o.s.d.r.c.RepositoryConfigurationDelegate [restartedMain] Bootstrapping Spring Data JPA repositories in DEFAULT mode.
2023-11-24 22:24:42,897 INFO o.s.d.r.c.RepositoryConfigurationDelegate [restartedMain] Finished Spring Data repository scanning in 57 ms. Found 3 JPA repository interfaces.
2023-11-24 22:24:43,448 INFO o.s.b.w.e.t.TomcatWebServer [restartedMain] Tomcat initialized with port 8080 (http)
2023-11-24 22:24:43,457 INFO o.a.c.h.Http11NioProtocol [restartedMain] Initializing ProtocolHandler ["http-nio-8080"]
2023-11-24 22:24:43,459 INFO o.a.c.c.StandardService [restartedMain] Starting service [Tomcat]
2023-11-24 22:24:43,459 INFO o.a.c.c.StandardEngine [restartedMain] Starting Servlet engine: [Apache Tomcat/10.1.16]
2023-11-24 22:24:43,512 INFO o.a.c.c.C.[.[.[/] [restartedMain] Initializing Spring embedded WebApplicationContext
2023-11-24 22:24:43,512 INFO o.s.b.w.s.c.ServletWebServerApplicationContext [restartedMain] Root WebApplicationContext: initialization completed in 1631 ms
2023-11-24 22:24:43,703 INFO o.h.j.i.u.LogHelper [restartedMain] HHH000204: Processing PersistenceUnitInfo [name: default]
2023-11-24 22:24:43,777 INFO o.h.Version [restartedMain] HHH000412: Hibernate ORM core version 6.3.1.Final
2023-11-24 22:24:43,814 INFO o.h.c.i.RegionFactoryInitiator [restartedMain] HHH000026: Second-level cache disabled
2023-11-24 22:24:44,063 INFO o.s.o.j.p.SpringPersistenceUnitInfo [restartedMain] No LoadTimeWeaver setup: ignoring JPA class transformer
2023-11-24 22:24:44,091 INFO c.z.h.HikariDataSource [restartedMain] HikariPool-1 - Starting...
2023-11-24 22:24:44,281 INFO c.z.h.p.HikariPool [restartedMain] HikariPool-1 - Added connection org.postgresql.jdbc.PgConnection@fc03bf5
2023-11-24 22:24:44,284 INFO c.z.h.HikariDataSource [restartedMain] HikariPool-1 - Start completed.
2023-11-24 22:24:44,320 WARN o.h.o.deprecation [restartedMain] HHH90000025: PostgreSQLDialect does not need to be specified explicitly using 'hibernate.dialect' (remove the property setting and it will be selected by default)
2023-11-24 22:24:45,382 INFO o.h.e.t.j.p.i.JtaPlatformInitiator [restartedMain] HHH000489: No JTA platform available (set 'hibernate.transaction.jta.platform' to enable JTA platform integration)
2023-11-24 22:24:45,505 INFO o.s.o.j.LocalContainerEntityManagerFactoryBean [restartedMain] Initialized JPA EntityManagerFactory for persistence unit 'default'
2023-11-24 22:24:46,356 WARN o.s.b.a.o.j.JpaBaseConfiguration$JpaWebConfiguration [restartedMain] spring.jpa.open-in-view is enabled by default. Therefore, database queries may be performed during view rendering. Explicitly configure spring.jpa.open-in-view to disable this warning
2023-11-24 22:24:46,807 INFO o.s.b.d.a.OptionalLiveReloadServer [restartedMain] LiveReload server is running on port 35729
2023-11-24 22:24:46,830 INFO o.a.c.h.Http11NioProtocol [restartedMain] Starting ProtocolHandler ["http-nio-8080"]
2023-11-24 22:24:46,847 INFO o.s.b.w.e.t.TomcatWebServer [restartedMain] Tomcat started on port 8080 (http) with context path ''
2023-11-24 22:24:46,855 INFO c.e.r.RabamApplication [restartedMain] Started RabamApplication in 5.464 seconds (process running for 6.832)
2023-11-24 22:24:55,741 INFO o.a.c.c.C.[.[.[/] [http-nio-8080-exec-1] Initializing Spring DispatcherServlet 'dispatcherServlet'
2023-11-24 22:24:55,742 INFO o.s.w.s.DispatcherServlet [http-nio-8080-exec-1] Initializing Servlet 'dispatcherServlet'
2023-11-24 22:24:55,743 INFO o.s.w.s.DispatcherServlet [http-nio-8080-exec-1] Completed initialization in 1 ms
2023-11-24 22:24:55,953 INFO c.e.r.s.CourierService [http-nio-8080-exec-1] Courier created successfully. ID: 25
2023-11-24 23:00:42,344 INFO o.s.o.j.LocalContainerEntityManagerFactoryBean [SpringApplicationShutdownHook] Closing JPA EntityManagerFactory for persistence unit 'default'
2023-11-24 23:00:42,349 INFO c.z.h.HikariDataSource [SpringApplicationShutdownHook] HikariPool-1 - Shutdown initiated...
2023-11-24 23:00:42,354 INFO c.z.h.HikariDataSource [SpringApplicationShutdownHook] HikariPool-1 - Shutdown completed.
2023-11-24 23:00:49,360 INFO c.e.r.RabamApplication [restartedMain] Starting RabamApplication using Java 21.0.1 with PID 431292 (C:\Users\safak\Desktop\rabam\target\classes started by safak in C:\Users\safak\Desktop\rabam)
2023-11-24 23:00:49,370 INFO c.e.r.RabamApplication [restartedMain] No active profile set, falling back to 1 default profile: "default"
2023-11-24 23:00:49,414 INFO o.s.b.d.e.DevToolsPropertyDefaultsPostProcessor [restartedMain] Devtools property defaults active! Set 'spring.devtools.add-properties' to 'false' to disable
2023-11-24 23:00:49,415 INFO o.s.b.d.e.DevToolsPropertyDefaultsPostProcessor [restartedMain] For additional web related logging consider setting the 'logging.level.web' property to 'DEBUG'
2023-11-24 23:00:50,245 INFO o.s.d.r.c.RepositoryConfigurationDelegate [restartedMain] Bootstrapping Spring Data JPA repositories in DEFAULT mode.
2023-11-24 23:00:50,309 INFO o.s.d.r.c.RepositoryConfigurationDelegate [restartedMain] Finished Spring Data repository scanning in 56 ms. Found 3 JPA repository interfaces.
2023-11-24 23:00:50,894 INFO o.s.b.w.e.t.TomcatWebServer [restartedMain] Tomcat initialized with port 8080 (http)
2023-11-24 23:00:50,906 INFO o.a.c.h.Http11NioProtocol [restartedMain] Initializing ProtocolHandler ["http-nio-8080"]
2023-11-24 23:00:50,908 INFO o.a.c.c.StandardService [restartedMain] Starting service [Tomcat]
2023-11-24 23:00:50,908 INFO o.a.c.c.StandardEngine [restartedMain] Starting Servlet engine: [Apache Tomcat/10.1.16]
2023-11-24 23:00:50,967 INFO o.a.c.c.C.[.[.[/] [restartedMain] Initializing Spring embedded WebApplicationContext
2023-11-24 23:00:50,968 INFO o.s.b.w.s.c.ServletWebServerApplicationContext [restartedMain] Root WebApplicationContext: initialization completed in 1551 ms
2023-11-24 23:00:51,160 INFO o.h.j.i.u.LogHelper [restartedMain] HHH000204: Processing PersistenceUnitInfo [name: default]
2023-11-24 23:00:51,229 INFO o.h.Version [restartedMain] HHH000412: Hibernate ORM core version 6.3.1.Final
2023-11-24 23:00:51,266 INFO o.h.c.i.RegionFactoryInitiator [restartedMain] HHH000026: Second-level cache disabled
2023-11-24 23:00:51,529 INFO o.s.o.j.p.SpringPersistenceUnitInfo [restartedMain] No LoadTimeWeaver setup: ignoring JPA class transformer
2023-11-24 23:00:51,558 INFO c.z.h.HikariDataSource [restartedMain] HikariPool-1 - Starting...
2023-11-24 23:00:51,740 INFO c.z.h.p.HikariPool [restartedMain] HikariPool-1 - Added connection org.postgresql.jdbc.PgConnection@171190ba
2023-11-24 23:00:51,742 INFO c.z.h.HikariDataSource [restartedMain] HikariPool-1 - Start completed.
2023-11-24 23:00:51,777 WARN o.h.o.deprecation [restartedMain] HHH90000025: PostgreSQLDialect does not need to be specified explicitly using 'hibernate.dialect' (remove the property setting and it will be selected by default)
2023-11-24 23:00:52,825 INFO o.h.e.t.j.p.i.JtaPlatformInitiator [restartedMain] HHH000489: No JTA platform available (set 'hibernate.transaction.jta.platform' to enable JTA platform integration)
2023-11-24 23:00:52,943 INFO o.s.o.j.LocalContainerEntityManagerFactoryBean [restartedMain] Initialized JPA EntityManagerFactory for persistence unit 'default'
2023-11-24 23:00:53,830 WARN o.s.b.a.o.j.JpaBaseConfiguration$JpaWebConfiguration [restartedMain] spring.jpa.open-in-view is enabled by default. Therefore, database queries may be performed during view rendering. Explicitly configure spring.jpa.open-in-view to disable this warning
2023-11-24 23:00:54,254 INFO o.s.b.d.a.OptionalLiveReloadServer [restartedMain] LiveReload server is running on port 35729
2023-11-24 23:00:54,275 INFO o.a.c.h.Http11NioProtocol [restartedMain] Starting ProtocolHandler ["http-nio-8080"]
2023-11-24 23:00:54,293 INFO o.s.b.w.e.t.TomcatWebServer [restartedMain] Tomcat started on port 8080 (http) with context path ''
2023-11-24 23:00:54,301 INFO c.e.r.RabamApplication [restartedMain] Started RabamApplication in 5.359 seconds (process running for 6.718)
2023-11-24 23:01:11,762 INFO o.a.c.c.C.[.[.[/] [http-nio-8080-exec-1] Initializing Spring DispatcherServlet 'dispatcherServlet'
2023-11-24 23:01:11,762 INFO o.s.w.s.DispatcherServlet [http-nio-8080-exec-1] Initializing Servlet 'dispatcherServlet'
2023-11-24 23:01:11,764 INFO o.s.w.s.DispatcherServlet [http-nio-8080-exec-1] Completed initialization in 1 ms
2023-11-24 23:01:11,975 INFO c.e.r.s.CourierService [http-nio-8080-exec-1] Courier created successfully. ID: 26
2023-11-24 23:01:11,975 INFO c.e.r.s.CourierService [http-nio-8080-exec-1] Courier created successfully. Name: ad27, Surname: soyad, Phone: tel
2023-11-24 23:01:43,116 INFO c.e.r.s.CourierService [http-nio-8080-exec-3] Courier created successfully. ID: 27
2023-11-24 23:01:43,116 INFO c.e.r.s.CourierService [http-nio-8080-exec-3] Courier created successfully. Name: ad28, Surname: soyad, Phone: tel
2023-11-24 23:04:20,137 INFO o.s.o.j.LocalContainerEntityManagerFactoryBean [SpringApplicationShutdownHook] Closing JPA EntityManagerFactory for persistence unit 'default'
2023-11-24 23:04:20,143 INFO c.z.h.HikariDataSource [SpringApplicationShutdownHook] HikariPool-1 - Shutdown initiated...
2023-11-24 23:04:20,154 INFO c.z.h.HikariDataSource [SpringApplicationShutdownHook] HikariPool-1 - Shutdown completed.
